[0.810s] DEBUG:colcon:Command line arguments: ['/usr/bin/colcon', 'list', '-p', '--base-paths', '/home/ros2-agv-essentials/aws_robotics_worlds_ws']
[0.810s] DEBUG:colcon:Parsed command line arguments: Namespace(log_base=None, log_level=None, verb_name='list', build_base='build', ignore_user_meta=False, metas=['./colcon.meta'], base_paths=['/home/ros2-agv-essentials/aws_robotics_worlds_ws'], packages_ignore=None, packages_ignore_regex=None, paths=None, packages_up_to=None, packages_up_to_regex=None, packages_above=None, packages_above_and_dependencies=None, packages_above_depth=None, packages_select_by_dep=None, packages_skip_by_dep=None, packages_skip_up_to=None, packages_select_build_failed=False, packages_skip_build_finished=False, packages_select_test_failures=False, packages_skip_test_passed=False, packages_select=None, packages_skip=None, packages_select_regex=None, packages_skip_regex=None, packages_start=None, packages_end=None, topological_order=False, names_only=False, paths_only=True, topological_graph=False, topological_graph_dot=False, topological_graph_density=False, topological_graph_legend=False, topological_graph_dot_cluster=False, topological_graph_dot_include_skipped=False, mixin_files=None, mixin=None, verb_parser=<colcon_mixin.mixin.mixin_argument.MixinArgumentDecorator object at 0x7f6579a0b730>, verb_extension=<colcon_package_information.verb.list.ListVerb object at 0x7f6579a0a110>, main=<bound method ListVerb.main of <colcon_package_information.verb.list.ListVerb object at 0x7f6579a0a110>>, mixin_verb=('list',))
[0.847s] Level 1:colcon.colcon_core.package_discovery:discover_packages(colcon_meta) check parameters
[0.847s] Level 1:colcon.colcon_core.package_discovery:discover_packages(recursive) check parameters
[0.847s] Level 1:colcon.colcon_core.package_discovery:discover_packages(ignore) check parameters
[0.847s] Level 1:colcon.colcon_core.package_discovery:discover_packages(path) check parameters
[0.847s] Level 1:colcon.colcon_core.package_discovery:discover_packages(recursive) discover
[0.847s] INFO:colcon.colcon_core.package_discovery:Crawling recursively for packages in '/home/ros2-agv-essentials/aws_robotics_worlds_ws'
[0.847s] Level 1:colcon.colcon_core.package_identification:_identify(/home/ros2-agv-essentials/aws_robotics_worlds_ws) by extensions ['ignore', 'ignore_ament_install']
[0.847s] Level 1:colcon.colcon_core.package_identification:_identify(/home/ros2-agv-essentials/aws_robotics_worlds_ws) by extension 'ignore'
[0.847s] Level 1:colcon.colcon_core.package_identification:_identify(/home/ros2-agv-essentials/aws_robotics_worlds_ws) by extension 'ignore_ament_install'
[0.847s] Level 1:colcon.colcon_core.package_identification:_identify(/home/ros2-agv-essentials/aws_robotics_worlds_ws) by extensions ['colcon_pkg']
[0.847s] Level 1:colcon.colcon_core.package_identification:_identify(/home/ros2-agv-essentials/aws_robotics_worlds_ws) by extension 'colcon_pkg'
[0.847s] Level 1:colcon.colcon_core.package_identification:_identify(/home/ros2-agv-essentials/aws_robotics_worlds_ws) by extensions ['colcon_meta']
[0.847s] Level 1:colcon.colcon_core.package_identification:_identify(/home/ros2-agv-essentials/aws_robotics_worlds_ws) by extension 'colcon_meta'
[0.847s] Level 1:colcon.colcon_core.package_identification:_identify(/home/ros2-agv-essentials/aws_robotics_worlds_ws) by extensions ['ros']
[0.847s] Level 1:colcon.colcon_core.package_identification:_identify(/home/ros2-agv-essentials/aws_robotics_worlds_ws) by extension 'ros'
[0.856s] Level 1:colcon.colcon_core.package_identification:_identify(/home/ros2-agv-essentials/aws_robotics_worlds_ws) by extensions ['cmake', 'python']
[0.856s] Level 1:colcon.colcon_core.package_identification:_identify(/home/ros2-agv-essentials/aws_robotics_worlds_ws) by extension 'cmake'
[0.856s] Level 1:colcon.colcon_core.package_identification:_identify(/home/ros2-agv-essentials/aws_robotics_worlds_ws) by extension 'python'
[0.856s] Level 1:colcon.colcon_core.package_identification:_identify(/home/ros2-agv-essentials/aws_robotics_worlds_ws) by extensions ['python_setup_py']
[0.856s] Level 1:colcon.colcon_core.package_identification:_identify(/home/ros2-agv-essentials/aws_robotics_worlds_ws) by extension 'python_setup_py'
[0.856s] Level 1:colcon.colcon_core.package_identification:_identify(/home/ros2-agv-essentials/aws_robotics_worlds_ws/docker) by extensions ['ignore', 'ignore_ament_install']
[0.856s] Level 1:colcon.colcon_core.package_identification:_identify(/home/ros2-agv-essentials/aws_robotics_worlds_ws/docker) by extension 'ignore'
[0.856s] Level 1:colcon.colcon_core.package_identification:_identify(/home/ros2-agv-essentials/aws_robotics_worlds_ws/docker) by extension 'ignore_ament_install'
[0.857s] Level 1:colcon.colcon_core.package_identification:_identify(/home/ros2-agv-essentials/aws_robotics_worlds_ws/docker) by extensions ['colcon_pkg']
[0.857s] Level 1:colcon.colcon_core.package_identification:_identify(/home/ros2-agv-essentials/aws_robotics_worlds_ws/docker) by extension 'colcon_pkg'
[0.857s] Level 1:colcon.colcon_core.package_identification:_identify(/home/ros2-agv-essentials/aws_robotics_worlds_ws/docker) by extensions ['colcon_meta']
[0.857s] Level 1:colcon.colcon_core.package_identification:_identify(/home/ros2-agv-essentials/aws_robotics_worlds_ws/docker) by extension 'colcon_meta'
[0.857s] Level 1:colcon.colcon_core.package_identification:_identify(/home/ros2-agv-essentials/aws_robotics_worlds_ws/docker) by extensions ['ros']
[0.857s] Level 1:colcon.colcon_core.package_identification:_identify(/home/ros2-agv-essentials/aws_robotics_worlds_ws/docker) by extension 'ros'
[0.857s] Level 1:colcon.colcon_core.package_identification:_identify(/home/ros2-agv-essentials/aws_robotics_worlds_ws/docker) by extensions ['cmake', 'python']
[0.857s] Level 1:colcon.colcon_core.package_identification:_identify(/home/ros2-agv-essentials/aws_robotics_worlds_ws/docker) by extension 'cmake'
[0.857s] Level 1:colcon.colcon_core.package_identification:_identify(/home/ros2-agv-essentials/aws_robotics_worlds_ws/docker) by extension 'python'
[0.857s] Level 1:colcon.colcon_core.package_identification:_identify(/home/ros2-agv-essentials/aws_robotics_worlds_ws/docker) by extensions ['python_setup_py']
[0.857s] Level 1:colcon.colcon_core.package_identification:_identify(/home/ros2-agv-essentials/aws_robotics_worlds_ws/docker) by extension 'python_setup_py'
[0.857s] Level 1:colcon.colcon_core.package_identification:_identify(/home/ros2-agv-essentials/aws_robotics_worlds_ws/docker/cache) by extensions ['ignore', 'ignore_ament_install']
[0.857s] Level 1:colcon.colcon_core.package_identification:_identify(/home/ros2-agv-essentials/aws_robotics_worlds_ws/docker/cache) by extension 'ignore'
[0.857s] Level 1:colcon.colcon_core.package_identification:_identify(/home/ros2-agv-essentials/aws_robotics_worlds_ws/docker/cache) by extension 'ignore_ament_install'
[0.857s] Level 1:colcon.colcon_core.package_identification:_identify(/home/ros2-agv-essentials/aws_robotics_worlds_ws/docker/cache) by extensions ['colcon_pkg']
[0.857s] Level 1:colcon.colcon_core.package_identification:_identify(/home/ros2-agv-essentials/aws_robotics_worlds_ws/docker/cache) by extension 'colcon_pkg'
[0.857s] Level 1:colcon.colcon_core.package_identification:_identify(/home/ros2-agv-essentials/aws_robotics_worlds_ws/docker/cache) by extensions ['colcon_meta']
[0.857s] Level 1:colcon.colcon_core.package_identification:_identify(/home/ros2-agv-essentials/aws_robotics_worlds_ws/docker/cache) by extension 'colcon_meta'
[0.857s] Level 1:colcon.colcon_core.package_identification:_identify(/home/ros2-agv-essentials/aws_robotics_worlds_ws/docker/cache) by extensions ['ros']
[0.857s] Level 1:colcon.colcon_core.package_identification:_identify(/home/ros2-agv-essentials/aws_robotics_worlds_ws/docker/cache) by extension 'ros'
[0.857s] Level 1:colcon.colcon_core.package_identification:_identify(/home/ros2-agv-essentials/aws_robotics_worlds_ws/docker/cache) by extensions ['cmake', 'python']
[0.857s] Level 1:colcon.colcon_core.package_identification:_identify(/home/ros2-agv-essentials/aws_robotics_worlds_ws/docker/cache) by extension 'cmake'
[0.857s] Level 1:colcon.colcon_core.package_identification:_identify(/home/ros2-agv-essentials/aws_robotics_worlds_ws/docker/cache) by extension 'python'
[0.857s] Level 1:colcon.colcon_core.package_identification:_identify(/home/ros2-agv-essentials/aws_robotics_worlds_ws/docker/cache) by extensions ['python_setup_py']
[0.857s] Level 1:colcon.colcon_core.package_identification:_identify(/home/ros2-agv-essentials/aws_robotics_worlds_ws/docker/cache) by extension 'python_setup_py'
[0.858s] Level 1:colcon.colcon_core.package_identification:_identify(/home/ros2-agv-essentials/aws_robotics_worlds_ws/docs) by extensions ['ignore', 'ignore_ament_install']
[0.858s] Level 1:colcon.colcon_core.package_identification:_identify(/home/ros2-agv-essentials/aws_robotics_worlds_ws/docs) by extension 'ignore'
[0.858s] Level 1:colcon.colcon_core.package_identification:_identify(/home/ros2-agv-essentials/aws_robotics_worlds_ws/docs) by extension 'ignore_ament_install'
[0.858s] Level 1:colcon.colcon_core.package_identification:_identify(/home/ros2-agv-essentials/aws_robotics_worlds_ws/docs) by extensions ['colcon_pkg']
[0.858s] Level 1:colcon.colcon_core.package_identification:_identify(/home/ros2-agv-essentials/aws_robotics_worlds_ws/docs) by extension 'colcon_pkg'
[0.858s] Level 1:colcon.colcon_core.package_identification:_identify(/home/ros2-agv-essentials/aws_robotics_worlds_ws/docs) by extensions ['colcon_meta']
[0.858s] Level 1:colcon.colcon_core.package_identification:_identify(/home/ros2-agv-essentials/aws_robotics_worlds_ws/docs) by extension 'colcon_meta'
[0.858s] Level 1:colcon.colcon_core.package_identification:_identify(/home/ros2-agv-essentials/aws_robotics_worlds_ws/docs) by extensions ['ros']
[0.858s] Level 1:colcon.colcon_core.package_identification:_identify(/home/ros2-agv-essentials/aws_robotics_worlds_ws/docs) by extension 'ros'
[0.858s] Level 1:colcon.colcon_core.package_identification:_identify(/home/ros2-agv-essentials/aws_robotics_worlds_ws/docs) by extensions ['cmake', 'python']
[0.858s] Level 1:colcon.colcon_core.package_identification:_identify(/home/ros2-agv-essentials/aws_robotics_worlds_ws/docs) by extension 'cmake'
[0.858s] Level 1:colcon.colcon_core.package_identification:_identify(/home/ros2-agv-essentials/aws_robotics_worlds_ws/docs) by extension 'python'
[0.858s] Level 1:colcon.colcon_core.package_identification:_identify(/home/ros2-agv-essentials/aws_robotics_worlds_ws/docs) by extensions ['python_setup_py']
[0.858s] Level 1:colcon.colcon_core.package_identification:_identify(/home/ros2-agv-essentials/aws_robotics_worlds_ws/docs) by extension 'python_setup_py'
[0.858s] Level 1:colcon.colcon_core.package_identification:_identify(/home/ros2-agv-essentials/aws_robotics_worlds_ws/docs/images) by extensions ['ignore', 'ignore_ament_install']
[0.858s] Level 1:colcon.colcon_core.package_identification:_identify(/home/ros2-agv-essentials/aws_robotics_worlds_ws/docs/images) by extension 'ignore'
[0.858s] Level 1:colcon.colcon_core.package_identification:_identify(/home/ros2-agv-essentials/aws_robotics_worlds_ws/docs/images) by extension 'ignore_ament_install'
[0.858s] Level 1:colcon.colcon_core.package_identification:_identify(/home/ros2-agv-essentials/aws_robotics_worlds_ws/docs/images) by extensions ['colcon_pkg']
[0.858s] Level 1:colcon.colcon_core.package_identification:_identify(/home/ros2-agv-essentials/aws_robotics_worlds_ws/docs/images) by extension 'colcon_pkg'
[0.858s] Level 1:colcon.colcon_core.package_identification:_identify(/home/ros2-agv-essentials/aws_robotics_worlds_ws/docs/images) by extensions ['colcon_meta']
[0.858s] Level 1:colcon.colcon_core.package_identification:_identify(/home/ros2-agv-essentials/aws_robotics_worlds_ws/docs/images) by extension 'colcon_meta'
[0.858s] Level 1:colcon.colcon_core.package_identification:_identify(/home/ros2-agv-essentials/aws_robotics_worlds_ws/docs/images) by extensions ['ros']
[0.858s] Level 1:colcon.colcon_core.package_identification:_identify(/home/ros2-agv-essentials/aws_robotics_worlds_ws/docs/images) by extension 'ros'
[0.859s] Level 1:colcon.colcon_core.package_identification:_identify(/home/ros2-agv-essentials/aws_robotics_worlds_ws/docs/images) by extensions ['cmake', 'python']
[0.859s] Level 1:colcon.colcon_core.package_identification:_identify(/home/ros2-agv-essentials/aws_robotics_worlds_ws/docs/images) by extension 'cmake'
[0.859s] Level 1:colcon.colcon_core.package_identification:_identify(/home/ros2-agv-essentials/aws_robotics_worlds_ws/docs/images) by extension 'python'
[0.859s] Level 1:colcon.colcon_core.package_identification:_identify(/home/ros2-agv-essentials/aws_robotics_worlds_ws/docs/images) by extensions ['python_setup_py']
[0.859s] Level 1:colcon.colcon_core.package_identification:_identify(/home/ros2-agv-essentials/aws_robotics_worlds_ws/docs/images) by extension 'python_setup_py'
[0.859s] Level 1:colcon.colcon_core.package_identification:_identify(/home/ros2-agv-essentials/aws_robotics_worlds_ws/log) by extensions ['ignore', 'ignore_ament_install']
[0.859s] Level 1:colcon.colcon_core.package_identification:_identify(/home/ros2-agv-essentials/aws_robotics_worlds_ws/log) by extension 'ignore'
[0.859s] Level 1:colcon.colcon_core.package_identification:_identify(/home/ros2-agv-essentials/aws_robotics_worlds_ws/log) ignored
[0.859s] Level 1:colcon.colcon_core.package_identification:_identify(/home/ros2-agv-essentials/aws_robotics_worlds_ws/output) by extensions ['ignore', 'ignore_ament_install']
[0.859s] Level 1:colcon.colcon_core.package_identification:_identify(/home/ros2-agv-essentials/aws_robotics_worlds_ws/output) by extension 'ignore'
[0.859s] Level 1:colcon.colcon_core.package_identification:_identify(/home/ros2-agv-essentials/aws_robotics_worlds_ws/output) by extension 'ignore_ament_install'
[0.859s] Level 1:colcon.colcon_core.package_identification:_identify(/home/ros2-agv-essentials/aws_robotics_worlds_ws/output) by extensions ['colcon_pkg']
[0.859s] Level 1:colcon.colcon_core.package_identification:_identify(/home/ros2-agv-essentials/aws_robotics_worlds_ws/output) by extension 'colcon_pkg'
[0.859s] Level 1:colcon.colcon_core.package_identification:_identify(/home/ros2-agv-essentials/aws_robotics_worlds_ws/output) by extensions ['colcon_meta']
[0.859s] Level 1:colcon.colcon_core.package_identification:_identify(/home/ros2-agv-essentials/aws_robotics_worlds_ws/output) by extension 'colcon_meta'
[0.860s] Level 1:colcon.colcon_core.package_identification:_identify(/home/ros2-agv-essentials/aws_robotics_worlds_ws/output) by extensions ['ros']
[0.860s] Level 1:colcon.colcon_core.package_identification:_identify(/home/ros2-agv-essentials/aws_robotics_worlds_ws/output) by extension 'ros'
[0.860s] Level 1:colcon.colcon_core.package_identification:_identify(/home/ros2-agv-essentials/aws_robotics_worlds_ws/output) by extensions ['cmake', 'python']
[0.860s] Level 1:colcon.colcon_core.package_identification:_identify(/home/ros2-agv-essentials/aws_robotics_worlds_ws/output) by extension 'cmake'
[0.860s] Level 1:colcon.colcon_core.package_identification:_identify(/home/ros2-agv-essentials/aws_robotics_worlds_ws/output) by extension 'python'
[0.860s] Level 1:colcon.colcon_core.package_identification:_identify(/home/ros2-agv-essentials/aws_robotics_worlds_ws/output) by extensions ['python_setup_py']
[0.860s] Level 1:colcon.colcon_core.package_identification:_identify(/home/ros2-agv-essentials/aws_robotics_worlds_ws/output) by extension 'python_setup_py'
[0.860s] Level 1:colcon.colcon_core.package_identification:_identify(/home/ros2-agv-essentials/aws_robotics_worlds_ws/output/house) by extensions ['ignore', 'ignore_ament_install']
[0.860s] Level 1:colcon.colcon_core.package_identification:_identify(/home/ros2-agv-essentials/aws_robotics_worlds_ws/output/house) by extension 'ignore'
[0.860s] Level 1:colcon.colcon_core.package_identification:_identify(/home/ros2-agv-essentials/aws_robotics_worlds_ws/output/house) by extension 'ignore_ament_install'
[0.860s] Level 1:colcon.colcon_core.package_identification:_identify(/home/ros2-agv-essentials/aws_robotics_worlds_ws/output/house) by extensions ['colcon_pkg']
[0.860s] Level 1:colcon.colcon_core.package_identification:_identify(/home/ros2-agv-essentials/aws_robotics_worlds_ws/output/house) by extension 'colcon_pkg'
[0.860s] Level 1:colcon.colcon_core.package_identification:_identify(/home/ros2-agv-essentials/aws_robotics_worlds_ws/output/house) by extensions ['colcon_meta']
[0.860s] Level 1:colcon.colcon_core.package_identification:_identify(/home/ros2-agv-essentials/aws_robotics_worlds_ws/output/house) by extension 'colcon_meta'
[0.860s] Level 1:colcon.colcon_core.package_identification:_identify(/home/ros2-agv-essentials/aws_robotics_worlds_ws/output/house) by extensions ['ros']
[0.860s] Level 1:colcon.colcon_core.package_identification:_identify(/home/ros2-agv-essentials/aws_robotics_worlds_ws/output/house) by extension 'ros'
[0.860s] Level 1:colcon.colcon_core.package_identification:_identify(/home/ros2-agv-essentials/aws_robotics_worlds_ws/output/house) by extensions ['cmake', 'python']
[0.860s] Level 1:colcon.colcon_core.package_identification:_identify(/home/ros2-agv-essentials/aws_robotics_worlds_ws/output/house) by extension 'cmake'
[0.860s] Level 1:colcon.colcon_core.package_identification:_identify(/home/ros2-agv-essentials/aws_robotics_worlds_ws/output/house) by extension 'python'
[0.860s] Level 1:colcon.colcon_core.package_identification:_identify(/home/ros2-agv-essentials/aws_robotics_worlds_ws/output/house) by extensions ['python_setup_py']
[0.860s] Level 1:colcon.colcon_core.package_identification:_identify(/home/ros2-agv-essentials/aws_robotics_worlds_ws/output/house) by extension 'python_setup_py'
[0.861s] Level 1:colcon.colcon_core.package_identification:_identify(/home/ros2-agv-essentials/aws_robotics_worlds_ws/src) by extensions ['ignore', 'ignore_ament_install']
[0.861s] Level 1:colcon.colcon_core.package_identification:_identify(/home/ros2-agv-essentials/aws_robotics_worlds_ws/src) by extension 'ignore'
[0.861s] Level 1:colcon.colcon_core.package_identification:_identify(/home/ros2-agv-essentials/aws_robotics_worlds_ws/src) by extension 'ignore_ament_install'
[0.861s] Level 1:colcon.colcon_core.package_identification:_identify(/home/ros2-agv-essentials/aws_robotics_worlds_ws/src) by extensions ['colcon_pkg']
[0.861s] Level 1:colcon.colcon_core.package_identification:_identify(/home/ros2-agv-essentials/aws_robotics_worlds_ws/src) by extension 'colcon_pkg'
[0.861s] Level 1:colcon.colcon_core.package_identification:_identify(/home/ros2-agv-essentials/aws_robotics_worlds_ws/src) by extensions ['colcon_meta']
[0.861s] Level 1:colcon.colcon_core.package_identification:_identify(/home/ros2-agv-essentials/aws_robotics_worlds_ws/src) by extension 'colcon_meta'
[0.861s] Level 1:colcon.colcon_core.package_identification:_identify(/home/ros2-agv-essentials/aws_robotics_worlds_ws/src) by extensions ['ros']
[0.861s] Level 1:colcon.colcon_core.package_identification:_identify(/home/ros2-agv-essentials/aws_robotics_worlds_ws/src) by extension 'ros'
[0.861s] Level 1:colcon.colcon_core.package_identification:_identify(/home/ros2-agv-essentials/aws_robotics_worlds_ws/src) by extensions ['cmake', 'python']
[0.861s] Level 1:colcon.colcon_core.package_identification:_identify(/home/ros2-agv-essentials/aws_robotics_worlds_ws/src) by extension 'cmake'
[0.861s] Level 1:colcon.colcon_core.package_identification:_identify(/home/ros2-agv-essentials/aws_robotics_worlds_ws/src) by extension 'python'
[0.861s] Level 1:colcon.colcon_core.package_identification:_identify(/home/ros2-agv-essentials/aws_robotics_worlds_ws/src) by extensions ['python_setup_py']
[0.861s] Level 1:colcon.colcon_core.package_identification:_identify(/home/ros2-agv-essentials/aws_robotics_worlds_ws/src) by extension 'python_setup_py'
[0.861s] Level 1:colcon.colcon_core.package_identification:_identify(/home/ros2-agv-essentials/aws_robotics_worlds_ws/src/aws_worlds) by extensions ['ignore', 'ignore_ament_install']
[0.861s] Level 1:colcon.colcon_core.package_identification:_identify(/home/ros2-agv-essentials/aws_robotics_worlds_ws/src/aws_worlds) by extension 'ignore'
[0.861s] Level 1:colcon.colcon_core.package_identification:_identify(/home/ros2-agv-essentials/aws_robotics_worlds_ws/src/aws_worlds) by extension 'ignore_ament_install'
[0.861s] Level 1:colcon.colcon_core.package_identification:_identify(/home/ros2-agv-essentials/aws_robotics_worlds_ws/src/aws_worlds) by extensions ['colcon_pkg']
[0.861s] Level 1:colcon.colcon_core.package_identification:_identify(/home/ros2-agv-essentials/aws_robotics_worlds_ws/src/aws_worlds) by extension 'colcon_pkg'
[0.861s] Level 1:colcon.colcon_core.package_identification:_identify(/home/ros2-agv-essentials/aws_robotics_worlds_ws/src/aws_worlds) by extensions ['colcon_meta']
[0.861s] Level 1:colcon.colcon_core.package_identification:_identify(/home/ros2-agv-essentials/aws_robotics_worlds_ws/src/aws_worlds) by extension 'colcon_meta'
[0.862s] Level 1:colcon.colcon_core.package_identification:_identify(/home/ros2-agv-essentials/aws_robotics_worlds_ws/src/aws_worlds) by extensions ['ros']
[0.862s] Level 1:colcon.colcon_core.package_identification:_identify(/home/ros2-agv-essentials/aws_robotics_worlds_ws/src/aws_worlds) by extension 'ros'
[0.862s] Level 1:colcon.colcon_core.package_identification:_identify(/home/ros2-agv-essentials/aws_robotics_worlds_ws/src/aws_worlds) by extensions ['cmake', 'python']
[0.862s] Level 1:colcon.colcon_core.package_identification:_identify(/home/ros2-agv-essentials/aws_robotics_worlds_ws/src/aws_worlds) by extension 'cmake'
[0.862s] Level 1:colcon.colcon_core.package_identification:_identify(/home/ros2-agv-essentials/aws_robotics_worlds_ws/src/aws_worlds) by extension 'python'
[0.862s] Level 1:colcon.colcon_core.package_identification:_identify(/home/ros2-agv-essentials/aws_robotics_worlds_ws/src/aws_worlds) by extensions ['python_setup_py']
[0.862s] Level 1:colcon.colcon_core.package_identification:_identify(/home/ros2-agv-essentials/aws_robotics_worlds_ws/src/aws_worlds) by extension 'python_setup_py'
[0.862s] Level 1:colcon.colcon_core.package_identification:_identify(/home/ros2-agv-essentials/aws_robotics_worlds_ws/src/aws_worlds/aws_hospital) by extensions ['ignore', 'ignore_ament_install']
[0.862s] Level 1:colcon.colcon_core.package_identification:_identify(/home/ros2-agv-essentials/aws_robotics_worlds_ws/src/aws_worlds/aws_hospital) by extension 'ignore'
[0.862s] Level 1:colcon.colcon_core.package_identification:_identify(/home/ros2-agv-essentials/aws_robotics_worlds_ws/src/aws_worlds/aws_hospital) by extension 'ignore_ament_install'
[0.862s] Level 1:colcon.colcon_core.package_identification:_identify(/home/ros2-agv-essentials/aws_robotics_worlds_ws/src/aws_worlds/aws_hospital) by extensions ['colcon_pkg']
[0.862s] Level 1:colcon.colcon_core.package_identification:_identify(/home/ros2-agv-essentials/aws_robotics_worlds_ws/src/aws_worlds/aws_hospital) by extension 'colcon_pkg'
[0.862s] Level 1:colcon.colcon_core.package_identification:_identify(/home/ros2-agv-essentials/aws_robotics_worlds_ws/src/aws_worlds/aws_hospital) by extensions ['colcon_meta']
[0.862s] Level 1:colcon.colcon_core.package_identification:_identify(/home/ros2-agv-essentials/aws_robotics_worlds_ws/src/aws_worlds/aws_hospital) by extension 'colcon_meta'
[0.862s] Level 1:colcon.colcon_core.package_identification:_identify(/home/ros2-agv-essentials/aws_robotics_worlds_ws/src/aws_worlds/aws_hospital) by extensions ['ros']
[0.862s] Level 1:colcon.colcon_core.package_identification:_identify(/home/ros2-agv-essentials/aws_robotics_worlds_ws/src/aws_worlds/aws_hospital) by extension 'ros'
[0.865s] DEBUG:colcon.colcon_core.package_identification:Package '/home/ros2-agv-essentials/aws_robotics_worlds_ws/src/aws_worlds/aws_hospital' with type 'ros.catkin' and name 'aws_robomaker_hospital_world'
[0.865s] Level 1:colcon.colcon_core.package_identification:_identify(/home/ros2-agv-essentials/aws_robotics_worlds_ws/src/aws_worlds/aws_warehouse) by extensions ['ignore', 'ignore_ament_install']
[0.865s] Level 1:colcon.colcon_core.package_identification:_identify(/home/ros2-agv-essentials/aws_robotics_worlds_ws/src/aws_worlds/aws_warehouse) by extension 'ignore'
[0.865s] Level 1:colcon.colcon_core.package_identification:_identify(/home/ros2-agv-essentials/aws_robotics_worlds_ws/src/aws_worlds/aws_warehouse) by extension 'ignore_ament_install'
[0.865s] Level 1:colcon.colcon_core.package_identification:_identify(/home/ros2-agv-essentials/aws_robotics_worlds_ws/src/aws_worlds/aws_warehouse) by extensions ['colcon_pkg']
[0.865s] Level 1:colcon.colcon_core.package_identification:_identify(/home/ros2-agv-essentials/aws_robotics_worlds_ws/src/aws_worlds/aws_warehouse) by extension 'colcon_pkg'
[0.865s] Level 1:colcon.colcon_core.package_identification:_identify(/home/ros2-agv-essentials/aws_robotics_worlds_ws/src/aws_worlds/aws_warehouse) by extensions ['colcon_meta']
[0.865s] Level 1:colcon.colcon_core.package_identification:_identify(/home/ros2-agv-essentials/aws_robotics_worlds_ws/src/aws_worlds/aws_warehouse) by extension 'colcon_meta'
[0.865s] Level 1:colcon.colcon_core.package_identification:_identify(/home/ros2-agv-essentials/aws_robotics_worlds_ws/src/aws_worlds/aws_warehouse) by extensions ['ros']
[0.865s] Level 1:colcon.colcon_core.package_identification:_identify(/home/ros2-agv-essentials/aws_robotics_worlds_ws/src/aws_worlds/aws_warehouse) by extension 'ros'
[0.866s] DEBUG:colcon.colcon_core.package_identification:Package '/home/ros2-agv-essentials/aws_robotics_worlds_ws/src/aws_worlds/aws_warehouse' with type 'ros.catkin' and name 'aws_robomaker_small_warehouse_world'
[0.866s] Level 1:colcon.colcon_core.package_discovery:discover_packages(recursive) using defaults
